[+] Containers:
 |- [+] Container: /Game/ThirdPerson/Maps/ThirdPersonMap
 |   |- [+] ActorDescs:
 |   |   |- Guid:0307D2F141CAE2C1B33677BDA244452A NativeClass:/Script/Engine.StaticMeshActor Name:StaticMeshActor_UAID_D85ED32D0A7239B702_1711116791 Label:SM_Cube16 SpatiallyLoaded:true EditorBounds:IsValid=true, Min=(X=580.000 Y=3610.000 Z=230.000), Max=(X=680.000 Y=3810.000 Z=330.000) RuntimeBounds:IsValid=true, Min=(X=580.000 Y=3610.000 Z=230.000), Max=(X=680.000 Y=3810.000 Z=330.000) RuntimeGrid:None EditorOnly:false RuntimeOnly:false HLODRelevant:true ListedInSceneOutliner:true IsMainWorldOnly:false FolderPath:Block03 FolderGuid:7B7009C345D3D6DD94D3429E1D79C034
 |   |   |- Guid:08F9DC56444CFFF3F13B379E81EF05BC NativeClass:/Script/Engine.StaticMeshActor Name:StaticMeshActor_16 Label:SM_Cube11 SpatiallyLoaded:true EditorBounds:IsValid=true, Min=(X=410.000 Y=2600.000 Z=0.000), Max=(X=810.000 Y=3000.000 Z=200.000) RuntimeBounds:IsValid=true, Min=(X=410.000 Y=2600.000 Z=0.000), Max=(X=810.000 Y=3000.000 Z=200.000) RuntimeGrid:None EditorOnly:false RuntimeOnly:false HLODRelevant:true ListedInSceneOutliner:true IsMainWorldOnly:false FolderPath:Block03 FolderGuid:7B7009C345D3D6DD94D3429E1D79C034
 |   |   |- Guid:0F5B2D204519CA6D87376D95682EB382 NativeClass:/Script/Engine.StaticMeshActor Name:StaticMeshActor_UAID_D85ED32D0A723AB702_1685586972 Label:Plane3 SpatiallyLoaded:true EditorBounds:IsValid=true, Min=(X=-990.000 Y=-1090.000 Z=940.000), Max=(X=3010.000 Y=2910.000 Z=990.000) RuntimeBounds:IsValid=true, Min=(X=-990.000 Y=-1090.000 Z=940.000), Max=(X=3010.000 Y=2910.000 Z=990.000) RuntimeGrid:None EditorOnly:false RuntimeOnly:false HLODRelevant:true ListedInSceneOutliner:true IsMainWorldOnly:false FolderPath:Playground FolderGuid:C73F09FC4215536B1DCE2A9E0A830C70
 |   |   |- Guid:1D4DCC404F73515B04F58BB062A8E89D NativeClass:/Script/Engine.StaticMeshActor Name:StaticMeshActor_UAID_D85ED32D0A723AB702_1811774975 Label:SM_Cube17 SpatiallyLoaded:true EditorBounds:IsValid=true, Min=(X=420.000 Y=2380.000 Z=1160.000), Max=(X=820.000 Y=2780.000 Z=1710.000) RuntimeBounds:IsValid=true, Min=(X=420.000 Y=2380.000 Z=1160.000), Max=(X=820.000 Y=2780.000 Z=1710.000) RuntimeGrid:None EditorOnly:false RuntimeOnly:false HLODRelevant:true ListedInSceneOutliner:true IsMainWorldOnly:false FolderPath:Block03 FolderGuid:7B7009C345D3D6DD94D3429E1D79C034
 |   |   |- Guid:2AC6BB404A39F0B58A397CAE76762254 BaseClass:/Game/ThirdPerson/Blueprints/Platforms/BP_MovingPlatform.BP_MovingPlatform_C NativeClass:/Script/Engine.Actor Name:BP_MovingPlatform_C_UAID_D85ED32D0A7239B702_2123030793 Label:BP_MovingPlatform SpatiallyLoaded:true EditorBounds:IsValid=true, Min=(X=418.500 Y=3930.000 Z=395.160), Max=(X=1018.500 Y=4442.000 Z=760.000) RuntimeBounds:IsValid=true, Min=(X=418.500 Y=4242.000 Z=395.160), Max=(X=1018.500 Y=4442.000 Z=760.000) RuntimeGrid:None EditorOnly:false RuntimeOnly:false HLODRelevant:false ListedInSceneOutliner:true IsMainWorldOnly:false
 |   |   |- Guid:2FB58999456391D349DC0F86DAC136ED NativeClass:/Script/Engine.SkyLight Name:SkyLight_1 Label:SkyLight SpatiallyLoaded:false EditorBounds:IsValid=true, Min=(X=0.000 Y=0.000 Z=690.000), Max=(X=0.000 Y=0.000 Z=690.000) RuntimeBounds:IsValid=true, Min=(X=0.000 Y=0.000 Z=690.000), Max=(X=0.000 Y=0.000 Z=690.000) RuntimeGrid:None EditorOnly:false RuntimeOnly:false HLODRelevant:false ListedInSceneOutliner:true IsMainWorldOnly:false FolderPath:Lighting FolderGuid:963EC3EB4002CCE9759E2EBA541A873A
 |   |   |- Guid:316CF2A6494ACA4C0E4180A87D36AB8F NativeClass:/Script/Engine.ExponentialHeightFog Name:ExponentialHeightFog_0 Label:ExponentialHeightFog SpatiallyLoaded:false EditorBounds:IsValid=true, Min=(X=-5600.000 Y=-50.000 Z=-6850.000), Max=(X=-5600.000 Y=-50.000 Z=-6850.000) RuntimeBounds:IsValid=true, Min=(X=-5600.000 Y=-50.000 Z=-6850.000), Max=(X=-5600.000 Y=-50.000 Z=-6850.000) RuntimeGrid:None EditorOnly:false RuntimeOnly:false HLODRelevant:false ListedInSceneOutliner:true IsMainWorldOnly:false FolderPath:Lighting FolderGuid:963EC3EB4002CCE9759E2EBA541A873A
 |   |   |- Guid:3A00AA1C422CE54C0BDB60BAF471BFBB NativeClass:/Script/Engine.PlayerStart Name:PlayerStart_0 Label:PlayerStart SpatiallyLoaded:false EditorBounds:IsValid=true, Min=(X=472.000 Y=982.000 Z=-35.987), Max=(X=728.000 Y=1350.000 Z=220.013) RuntimeBounds:IsValid=true, Min=(X=560.000 Y=1070.000 Z=0.013), Max=(X=640.000 Y=1150.000 Z=184.013) RuntimeGrid:None EditorOnly:false RuntimeOnly:false HLODRelevant:false ListedInSceneOutliner:true IsMainWorldOnly:false
 |   |   |- Guid:4A5BD52349A33C611EBC54BA7B52224C BaseClass:/Game/ThirdPerson/Blueprints/Platforms/BP_Lava.BP_Lava_C NativeClass:/Script/Engine.Actor Name:BP_Lava_C_UAID_D85ED32D0A7237B702_1217853435 Label:BP_Lava SpatiallyLoaded:true EditorBounds:IsValid=true, Min=(X=420.000 Y=2890.000 Z=-10.000), Max=(X=920.000 Y=3990.000 Z=90.000) RuntimeBounds:IsValid=true, Min=(X=420.000 Y=2890.000 Z=-10.000), Max=(X=920.000 Y=3990.000 Z=90.000) RuntimeGrid:None EditorOnly:false RuntimeOnly:false HLODRelevant:false ListedInSceneOutliner:true IsMainWorldOnly:false
 |   |   |- Guid:4D3BE93F4146AAAC8BBE79999D96D57F NativeClass:/Script/Engine.VolumetricCloud Name:VolumetricCloud_0 Label:VolumetricCloud SpatiallyLoaded:false EditorBounds:IsValid=true, Min=(X=0.000 Y=0.000 Z=820.000), Max=(X=0.000 Y=0.000 Z=820.000) RuntimeBounds:IsValid=true, Min=(X=0.000 Y=0.000 Z=820.000), Max=(X=0.000 Y=0.000 Z=820.000) RuntimeGrid:None EditorOnly:false RuntimeOnly:false HLODRelevant:false ListedInSceneOutliner:true IsMainWorldOnly:false FolderPath:Lighting FolderGuid:963EC3EB4002CCE9759E2EBA541A873A
 |   |   |- Guid:4F8047D0493874EC8003C1A619308924 NativeClass:/Script/Engine.StaticMeshActor Name:StaticMeshActor_UAID_D85ED32D0A7236B702_1921866255 Label:SM_Cube13 SpatiallyLoaded:true EditorBounds:IsValid=true, Min=(X=420.000 Y=3990.000 Z=0.000), Max=(X=820.000 Y=4390.000 Z=200.000) RuntimeBounds:IsValid=true, Min=(X=420.000 Y=3990.000 Z=0.000), Max=(X=820.000 Y=4390.000 Z=200.000) RuntimeGrid:None EditorOnly:false RuntimeOnly:false HLODRelevant:true ListedInSceneOutliner:true IsMainWorldOnly:false FolderPath:Block03 FolderGuid:7B7009C345D3D6DD94D3429E1D79C034
 |   |   |- Guid:5CCB653144C1AE73C4D13B9E17B48EC8 NativeClass:/Script/Engine.StaticMeshActor Name:StaticMeshActor_UAID_D85ED32D0A723AB702_1912015976 Label:SM_Cube18 SpatiallyLoaded:true EditorBounds:IsValid=true, Min=(X=420.000 Y=1590.000 Z=1160.000), Max=(X=820.000 Y=1990.000 Z=1710.000) RuntimeBounds:IsValid=true, Min=(X=420.000 Y=1590.000 Z=1160.000), Max=(X=820.000 Y=1990.000 Z=1710.000) RuntimeGrid:None EditorOnly:false RuntimeOnly:false HLODRelevant:true ListedInSceneOutliner:true IsMainWorldOnly:false FolderPath:Block03 FolderGuid:7B7009C345D3D6DD94D3429E1D79C034
 |   |   |- Guid:5FE7AD7C498A5B5A57FAF297D5F78F45 NativeClass:/Script/Engine.StaticMeshActor Name:StaticMeshActor_UAID_D85ED32D0A723AB702_1927200977 Label:SM_Cube19 SpatiallyLoaded:true EditorBounds:IsValid=true, Min=(X=420.000 Y=790.000 Z=1160.000), Max=(X=820.000 Y=1190.000 Z=1710.000) RuntimeBounds:IsValid=true, Min=(X=420.000 Y=790.000 Z=1160.000), Max=(X=820.000 Y=1190.000 Z=1710.000) RuntimeGrid:None EditorOnly:false RuntimeOnly:false HLODRelevant:true ListedInSceneOutliner:true IsMainWorldOnly:false FolderPath:Block03 FolderGuid:7B7009C345D3D6DD94D3429E1D79C034
 |   |   |- Guid:60C7E0F2447F434D89FEAFBB1D31E67F NativeClass:/Script/Engine.StaticMeshActor Name:StaticMeshActor_UAID_D85ED32D0A7234B702_1291516896 Label:SM_simpleWall SpatiallyLoaded:true EditorBounds:IsValid=true, Min=(X=792.500 Y=-2770.000 Z=0.000), Max=(X=807.500 Y=5230.000 Z=4000.000) RuntimeBounds:IsValid=true, Min=(X=792.500 Y=-2770.000 Z=0.000), Max=(X=807.500 Y=5230.000 Z=4000.000) RuntimeGrid:None EditorOnly:false RuntimeOnly:false HLODRelevant:true ListedInSceneOutliner:true IsMainWorldOnly:false
 |   |   |- Guid:6BAF4DDD444C60371492D3919DB42C97 NativeClass:/Script/Engine.WorldDataLayers Name:WorldDataLayers Label:WorldDataLayers SpatiallyLoaded:false EditorBounds:IsValid=true, Min=(X=0.000 Y=0.000 Z=0.000), Max=(X=0.000 Y=0.000 Z=0.000) RuntimeBounds:IsValid=true, Min=(X=0.000 Y=0.000 Z=0.000), Max=(X=0.000 Y=0.000 Z=0.000) RuntimeGrid:None EditorOnly:false RuntimeOnly:false HLODRelevant:false ListedInSceneOutliner:true IsMainWorldOnly:true
 |   |   |- Guid:7133FFCC447A290E781DADA134C09643 NativeClass:/Script/Engine.StaticMeshActor Name:StaticMeshActor_UAID_D85ED32D0A7239B702_1685179790 Label:SM_Cube15 SpatiallyLoaded:true EditorBounds:IsValid=true, Min=(X=570.000 Y=3140.000 Z=230.000), Max=(X=670.000 Y=3240.000 Z=330.000) RuntimeBounds:IsValid=true, Min=(X=570.000 Y=3140.000 Z=230.000), Max=(X=670.000 Y=3240.000 Z=330.000) RuntimeGrid:None EditorOnly:false RuntimeOnly:false HLODRelevant:true ListedInSceneOutliner:true IsMainWorldOnly:false FolderPath:Block03 FolderGuid:7B7009C345D3D6DD94D3429E1D79C034
 |   |   |- Guid:79A8E70748A15564FE908E90AD99E2EB BaseClass:/Game/ThirdPerson/Blueprints/BP_SaveTriggerBox.BP_SaveTriggerBox_C NativeClass:/Script/Engine.TriggerBox Name:BP_SaveTriggerBox_C_UAID_D85ED32D0A723AB702_2020593978 Label:BP_SaveTriggerBox2 SpatiallyLoaded:true EditorBounds:IsValid=true, Min=(X=440.000 Y=262.000 Z=796.250), Max=(X=760.000 Y=518.000 Z=1363.750) RuntimeBounds:IsValid=true, Min=(X=440.000 Y=326.000 Z=796.250), Max=(X=760.000 Y=454.000 Z=1363.750) RuntimeGrid:None EditorOnly:false RuntimeOnly:false HLODRelevant:false ListedInSceneOutliner:true IsMainWorldOnly:false
 |   |   |- Guid:8A1835894479BA92B2B96D9BC276748B NativeClass:/Script/Engine.StaticMeshActor Name:StaticMeshActor_UAID_D85ED32D0A7236B702_1984608257 Label:SM_simpleWall3 SpatiallyLoaded:true EditorBounds:IsValid=true, Min=(X=-3249.250 Y=4372.500 Z=30.000), Max=(X=4869.250 Y=4387.500 Z=4030.000) RuntimeBounds:IsValid=true, Min=(X=-3249.250 Y=4372.500 Z=30.000), Max=(X=4869.250 Y=4387.500 Z=4030.000) RuntimeGrid:None EditorOnly:false RuntimeOnly:false HLODRelevant:true ListedInSceneOutliner:true IsMainWorldOnly:false
 |   |   |- Guid:930B8CB14170E69D61612EA9772142BF BaseClass:/Game/ThirdPerson/Blueprints/Platforms/BP_MovingPlatform.BP_MovingPlatform_C NativeClass:/Script/Engine.Actor Name:BP_MovingPlatform_C_UAID_D85ED32D0A723AB702_1561435970 Label:BP_MovingPlatform2 SpatiallyLoaded:true EditorBounds:IsValid=true, Min=(X=428.500 Y=3768.000 Z=810.000), Max=(X=1028.500 Y=4280.000 Z=1174.840) RuntimeBounds:IsValid=true, Min=(X=428.500 Y=3768.000 Z=810.000), Max=(X=1028.500 Y=3968.000 Z=1174.840) RuntimeGrid:None EditorOnly:false RuntimeOnly:false HLODRelevant:false ListedInSceneOutliner:true IsMainWorldOnly:false
 |   |   |- Guid:9CFF22584E3F49B2EAD357B7437B3BD9 NativeClass:/Script/Engine.StaticMeshActor Name:StaticMeshActor_UAID_D85ED32D0A7235B702_1804691073 Label:SM_simpleWall2 SpatiallyLoaded:true EditorBounds:IsValid=true, Min=(X=-3190.000 Y=142.500 Z=0.000), Max=(X=4810.000 Y=157.500 Z=4000.000) RuntimeBounds:IsValid=true, Min=(X=-3190.000 Y=142.500 Z=0.000), Max=(X=4810.000 Y=157.500 Z=4000.000) RuntimeGrid:None EditorOnly:false RuntimeOnly:false HLODRelevant:true ListedInSceneOutliner:true IsMainWorldOnly:false
 |   |   |- Guid:B785ED2844B84CFB91E7F39FE661CD99 NativeClass:/Script/Engine.DirectionalLight Name:DirectionalLight_0 Label:DirectionalLight SpatiallyLoaded:false EditorBounds:IsValid=false, Min=(X=0.000 Y=0.000 Z=0.000), Max=(X=0.000 Y=0.000 Z=0.000) RuntimeBounds:IsValid=false, Min=(X=0.000 Y=0.000 Z=0.000), Max=(X=0.000 Y=0.000 Z=0.000) RuntimeGrid:None EditorOnly:false RuntimeOnly:false HLODRelevant:false ListedInSceneOutliner:true IsMainWorldOnly:false FolderPath:Lighting FolderGuid:963EC3EB4002CCE9759E2EBA541A873A
 |   |   |- Guid:BBA1C969487DF26E108B67BEE796EB83 NativeClass:/Script/Engine.StaticMeshActor Name:StaticMeshActor_UAID_D85ED32D0A7236B702_1760432252 Label:Plane2 SpatiallyLoaded:true EditorBounds:IsValid=true, Min=(X=-1000.000 Y=2140.000 Z=-50.000), Max=(X=3000.000 Y=6140.000 Z=0.000) RuntimeBounds:IsValid=true, Min=(X=-1000.000 Y=2140.000 Z=-50.000), Max=(X=3000.000 Y=6140.000 Z=0.000) RuntimeGrid:None EditorOnly:false RuntimeOnly:false HLODRelevant:true ListedInSceneOutliner:true IsMainWorldOnly:false FolderPath:Playground FolderGuid:C73F09FC4215536B1DCE2A9E0A830C70
 |   |   |- Guid:C3857B544B15A10654581FBD1BDC8445 BaseClass:/Game/ThirdPerson/Blueprints/Platforms/BP_MovingPlatform.BP_MovingPlatform_C NativeClass:/Script/Engine.Actor Name:BP_MovingPlatform_C_UAID_D85ED32D0A723AB702_1626261971 Label:BP_MovingPlatform3 SpatiallyLoaded:true EditorBounds:IsValid=true, Min=(X=438.500 Y=3180.000 Z=819.455), Max=(X=1038.500 Y=3632.000 Z=1230.000) RuntimeBounds:IsValid=true, Min=(X=438.500 Y=3432.000 Z=819.455), Max=(X=1038.500 Y=3632.000 Z=1230.000) RuntimeGrid:None EditorOnly:false RuntimeOnly:false HLODRelevant:false ListedInSceneOutliner:true IsMainWorldOnly:false
 |   |   |- Guid:CCFF262C46EEFFDF319E7F9539CE697E NativeClass:/Script/Engine.SkyAtmosphere Name:SkyAtmosphere_0 Label:SkyAtmosphere SpatiallyLoaded:false EditorBounds:IsValid=true, Min=(X=0.000 Y=0.000 Z=1020.000), Max=(X=0.000 Y=0.000 Z=1020.000) RuntimeBounds:IsValid=true, Min=(X=0.000 Y=0.000 Z=1020.000), Max=(X=0.000 Y=0.000 Z=1020.000) RuntimeGrid:None EditorOnly:false RuntimeOnly:false HLODRelevant:false ListedInSceneOutliner:true IsMainWorldOnly:false FolderPath:Lighting FolderGuid:963EC3EB4002CCE9759E2EBA541A873A
 |   |   |- Guid:D9DACED2415E3315501FD190081A22A1 NativeClass:/Script/Engine.StaticMeshActor Name:StaticMeshActor_UAID_D85ED32D0A723AB702_1802816974 Label:Plane4 SpatiallyLoaded:true EditorBounds:IsValid=true, Min=(X=-990.000 Y=790.000 Z=1700.000), Max=(X=3010.000 Y=4790.000 Z=1750.000) RuntimeBounds:IsValid=true, Min=(X=-990.000 Y=790.000 Z=1700.000), Max=(X=3010.000 Y=4790.000 Z=1750.000) RuntimeGrid:None EditorOnly:false RuntimeOnly:false HLODRelevant:true ListedInSceneOutliner:true IsMainWorldOnly:false FolderPath:Playground FolderGuid:C73F09FC4215536B1DCE2A9E0A830C70
 |   |   |- Guid:D9F58A8B4146021CF168A68E283ADDA2 BaseClass:/Game/ThirdPerson/Blueprints/BP_SaveTriggerBox.BP_SaveTriggerBox_C NativeClass:/Script/Engine.TriggerBox Name:BP_SaveTriggerBox_C_UAID_D85ED32D0A722DB702_1425762663 Label:BP_SaveTriggerBox SpatiallyLoaded:true EditorBounds:IsValid=true, Min=(X=440.000 Y=4002.000 Z=136.250), Max=(X=760.000 Y=4258.000 Z=703.750) RuntimeBounds:IsValid=true, Min=(X=440.000 Y=4066.000 Z=136.250), Max=(X=760.000 Y=4194.000 Z=703.750) RuntimeGrid:None EditorOnly:false RuntimeOnly:false HLODRelevant:false ListedInSceneOutliner:true IsMainWorldOnly:false
 |   |   |- Guid:E4982D1746E5AC65B531F3834C1FFB0D NativeClass:/Script/Engine.StaticMeshActor Name:StaticMeshActor_UAID_D85ED32D0A7236B702_1930706256 Label:SM_Cube14 SpatiallyLoaded:true EditorBounds:IsValid=true, Min=(X=420.000 Y=3990.000 Z=200.000), Max=(X=820.000 Y=4390.000 Z=400.000) RuntimeBounds:IsValid=true, Min=(X=420.000 Y=3990.000 Z=200.000), Max=(X=820.000 Y=4390.000 Z=400.000) RuntimeGrid:None EditorOnly:false RuntimeOnly:false HLODRelevant:true ListedInSceneOutliner:true IsMainWorldOnly:false FolderPath:Block03 FolderGuid:7B7009C345D3D6DD94D3429E1D79C034
 |   |   |- Guid:EC4E0C944CE6AC6E784BC6BB2916EA13 NativeClass:/Script/Engine.StaticMeshActor Name:StaticMeshActor_UAID_A4AE111137DC5EFB00_1110535423 Label:SM_SkySphere SpatiallyLoaded:false EditorBounds:IsValid=true, Min=(X=-1638400.000 Y=-1638400.000 Z=-1638400.000), Max=(X=1638400.000 Y=1638400.000 Z=1638400.000) RuntimeBounds:IsValid=true, Min=(X=-1638400.000 Y=-1638400.000 Z=-1638400.000), Max=(X=1638400.000 Y=1638400.000 Z=1638400.000) RuntimeGrid:None EditorOnly:false RuntimeOnly:false HLODRelevant:true ListedInSceneOutliner:true IsMainWorldOnly:false FolderPath:Lighting FolderGuid:963EC3EB4002CCE9759E2EBA541A873A
 |   |   |- Guid:F1924B8D48954B30891B2DB6A694F9CC NativeClass:/Script/Engine.StaticMeshActor Name:StaticMeshActor_1 Label:Plane SpatiallyLoaded:true EditorBounds:IsValid=true, Min=(X=-1000.000 Y=-1860.000 Z=-50.000), Max=(X=3000.000 Y=2140.000 Z=0.000) RuntimeBounds:IsValid=true, Min=(X=-1000.000 Y=-1860.000 Z=-50.000), Max=(X=3000.000 Y=2140.000 Z=0.000) RuntimeGrid:None EditorOnly:false RuntimeOnly:false HLODRelevant:true ListedInSceneOutliner:true IsMainWorldOnly:false FolderPath:Playground FolderGuid:C73F09FC4215536B1DCE2A9E0A830C70
 |   |   |- Guid:F5E3FEB3450C49844FD93DA8E083C8AD NativeClass:/Script/Engine.PostProcessVolume Name:PostProcessVolume_0 Label:PostProcessVolume SpatiallyLoaded:false EditorBounds:IsValid=true, Min=(X=0.000 Y=0.000 Z=400.000), Max=(X=200.000 Y=200.000 Z=600.000) RuntimeBounds:IsValid=true, Min=(X=0.000 Y=0.000 Z=400.000), Max=(X=200.000 Y=200.000 Z=600.000) RuntimeGrid:None EditorOnly:false RuntimeOnly:false HLODRelevant:false ListedInSceneOutliner:true IsMainWorldOnly:false FolderPath:Lighting FolderGuid:963EC3EB4002CCE9759E2EBA541A873A
 |   |- [+] Clusters:
 |   |   |- [+] [  0]
 |   |   |   |- Guid:0307D2F141CAE2C1B33677BDA244452A NativeClass:/Script/Engine.StaticMeshActor Name:StaticMeshActor_UAID_D85ED32D0A7239B702_1711116791 Label:SM_Cube16 SpatiallyLoaded:true EditorBounds:IsValid=true, Min=(X=580.000 Y=3610.000 Z=230.000), Max=(X=680.000 Y=3810.000 Z=330.000) RuntimeBounds:IsValid=true, Min=(X=580.000 Y=3610.000 Z=230.000), Max=(X=680.000 Y=3810.000 Z=330.000) RuntimeGrid:None EditorOnly:false RuntimeOnly:false HLODRelevant:true ListedInSceneOutliner:true IsMainWorldOnly:false FolderPath:Block03 FolderGuid:7B7009C345D3D6DD94D3429E1D79C034
 |   |   |- [+] [  1]
 |   |   |   |- Guid:08F9DC56444CFFF3F13B379E81EF05BC NativeClass:/Script/Engine.StaticMeshActor Name:StaticMeshActor_16 Label:SM_Cube11 SpatiallyLoaded:true EditorBounds:IsValid=true, Min=(X=410.000 Y=2600.000 Z=0.000), Max=(X=810.000 Y=3000.000 Z=200.000) RuntimeBounds:IsValid=true, Min=(X=410.000 Y=2600.000 Z=0.000), Max=(X=810.000 Y=3000.000 Z=200.000) RuntimeGrid:None EditorOnly:false RuntimeOnly:false HLODRelevant:true ListedInSceneOutliner:true IsMainWorldOnly:false FolderPath:Block03 FolderGuid:7B7009C345D3D6DD94D3429E1D79C034
 |   |   |- [+] [  2]
 |   |   |   |- Guid:0F5B2D204519CA6D87376D95682EB382 NativeClass:/Script/Engine.StaticMeshActor Name:StaticMeshActor_UAID_D85ED32D0A723AB702_1685586972 Label:Plane3 SpatiallyLoaded:true EditorBounds:IsValid=true, Min=(X=-990.000 Y=-1090.000 Z=940.000), Max=(X=3010.000 Y=2910.000 Z=990.000) RuntimeBounds:IsValid=true, Min=(X=-990.000 Y=-1090.000 Z=940.000), Max=(X=3010.000 Y=2910.000 Z=990.000) RuntimeGrid:None EditorOnly:false RuntimeOnly:false HLODRelevant:true ListedInSceneOutliner:true IsMainWorldOnly:false FolderPath:Playground FolderGuid:C73F09FC4215536B1DCE2A9E0A830C70
 |   |   |- [+] [  3]
 |   |   |   |- Guid:1D4DCC404F73515B04F58BB062A8E89D NativeClass:/Script/Engine.StaticMeshActor Name:StaticMeshActor_UAID_D85ED32D0A723AB702_1811774975 Label:SM_Cube17 SpatiallyLoaded:true EditorBounds:IsValid=true, Min=(X=420.000 Y=2380.000 Z=1160.000), Max=(X=820.000 Y=2780.000 Z=1710.000) RuntimeBounds:IsValid=true, Min=(X=420.000 Y=2380.000 Z=1160.000), Max=(X=820.000 Y=2780.000 Z=1710.000) RuntimeGrid:None EditorOnly:false RuntimeOnly:false HLODRelevant:true ListedInSceneOutliner:true IsMainWorldOnly:false FolderPath:Block03 FolderGuid:7B7009C345D3D6DD94D3429E1D79C034
 |   |   |- [+] [  4]
 |   |   |   |- Guid:2AC6BB404A39F0B58A397CAE76762254 BaseClass:/Game/ThirdPerson/Blueprints/Platforms/BP_MovingPlatform.BP_MovingPlatform_C NativeClass:/Script/Engine.Actor Name:BP_MovingPlatform_C_UAID_D85ED32D0A7239B702_2123030793 Label:BP_MovingPlatform SpatiallyLoaded:true EditorBounds:IsValid=true, Min=(X=418.500 Y=3930.000 Z=395.160), Max=(X=1018.500 Y=4442.000 Z=760.000) RuntimeBounds:IsValid=true, Min=(X=418.500 Y=4242.000 Z=395.160), Max=(X=1018.500 Y=4442.000 Z=760.000) RuntimeGrid:None EditorOnly:false RuntimeOnly:false HLODRelevant:false ListedInSceneOutliner:true IsMainWorldOnly:false
 |   |   |- [+] [  5]
 |   |   |   |- Guid:2FB58999456391D349DC0F86DAC136ED NativeClass:/Script/Engine.SkyLight Name:SkyLight_1 Label:SkyLight SpatiallyLoaded:false EditorBounds:IsValid=true, Min=(X=0.000 Y=0.000 Z=690.000), Max=(X=0.000 Y=0.000 Z=690.000) RuntimeBounds:IsValid=true, Min=(X=0.000 Y=0.000 Z=690.000), Max=(X=0.000 Y=0.000 Z=690.000) RuntimeGrid:None EditorOnly:false RuntimeOnly:false HLODRelevant:false ListedInSceneOutliner:true IsMainWorldOnly:false FolderPath:Lighting FolderGuid:963EC3EB4002CCE9759E2EBA541A873A
 |   |   |- [+] [  6]
 |   |   |   |- Guid:316CF2A6494ACA4C0E4180A87D36AB8F NativeClass:/Script/Engine.ExponentialHeightFog Name:ExponentialHeightFog_0 Label:ExponentialHeightFog SpatiallyLoaded:false EditorBounds:IsValid=true, Min=(X=-5600.000 Y=-50.000 Z=-6850.000), Max=(X=-5600.000 Y=-50.000 Z=-6850.000) RuntimeBounds:IsValid=true, Min=(X=-5600.000 Y=-50.000 Z=-6850.000), Max=(X=-5600.000 Y=-50.000 Z=-6850.000) RuntimeGrid:None EditorOnly:false RuntimeOnly:false HLODRelevant:false ListedInSceneOutliner:true IsMainWorldOnly:false FolderPath:Lighting FolderGuid:963EC3EB4002CCE9759E2EBA541A873A
 |   |   |- [+] [  7]
 |   |   |   |- Guid:3A00AA1C422CE54C0BDB60BAF471BFBB NativeClass:/Script/Engine.PlayerStart Name:PlayerStart_0 Label:PlayerStart SpatiallyLoaded:false EditorBounds:IsValid=true, Min=(X=472.000 Y=982.000 Z=-35.987), Max=(X=728.000 Y=1350.000 Z=220.013) RuntimeBounds:IsValid=true, Min=(X=560.000 Y=1070.000 Z=0.013), Max=(X=640.000 Y=1150.000 Z=184.013) RuntimeGrid:None EditorOnly:false RuntimeOnly:false HLODRelevant:false ListedInSceneOutliner:true IsMainWorldOnly:false
 |   |   |- [+] [  8]
 |   |   |   |- Guid:4A5BD52349A33C611EBC54BA7B52224C BaseClass:/Game/ThirdPerson/Blueprints/Platforms/BP_Lava.BP_Lava_C NativeClass:/Script/Engine.Actor Name:BP_Lava_C_UAID_D85ED32D0A7237B702_1217853435 Label:BP_Lava SpatiallyLoaded:true EditorBounds:IsValid=true, Min=(X=420.000 Y=2890.000 Z=-10.000), Max=(X=920.000 Y=3990.000 Z=90.000) RuntimeBounds:IsValid=true, Min=(X=420.000 Y=2890.000 Z=-10.000), Max=(X=920.000 Y=3990.000 Z=90.000) RuntimeGrid:None EditorOnly:false RuntimeOnly:false HLODRelevant:false ListedInSceneOutliner:true IsMainWorldOnly:false
 |   |   |- [+] [  9]
 |   |   |   |- Guid:4D3BE93F4146AAAC8BBE79999D96D57F NativeClass:/Script/Engine.VolumetricCloud Name:VolumetricCloud_0 Label:VolumetricCloud SpatiallyLoaded:false EditorBounds:IsValid=true, Min=(X=0.000 Y=0.000 Z=820.000), Max=(X=0.000 Y=0.000 Z=820.000) RuntimeBounds:IsValid=true, Min=(X=0.000 Y=0.000 Z=820.000), Max=(X=0.000 Y=0.000 Z=820.000) RuntimeGrid:None EditorOnly:false RuntimeOnly:false HLODRelevant:false ListedInSceneOutliner:true IsMainWorldOnly:false FolderPath:Lighting FolderGuid:963EC3EB4002CCE9759E2EBA541A873A
 |   |   |- [+] [ 10]
 |   |   |   |- Guid:4F8047D0493874EC8003C1A619308924 NativeClass:/Script/Engine.StaticMeshActor Name:StaticMeshActor_UAID_D85ED32D0A7236B702_1921866255 Label:SM_Cube13 SpatiallyLoaded:true EditorBounds:IsValid=true, Min=(X=420.000 Y=3990.000 Z=0.000), Max=(X=820.000 Y=4390.000 Z=200.000) RuntimeBounds:IsValid=true, Min=(X=420.000 Y=3990.000 Z=0.000), Max=(X=820.000 Y=4390.000 Z=200.000) RuntimeGrid:None EditorOnly:false RuntimeOnly:false HLODRelevant:true ListedInSceneOutliner:true IsMainWorldOnly:false FolderPath:Block03 FolderGuid:7B7009C345D3D6DD94D3429E1D79C034
 |   |   |- [+] [ 11]
 |   |   |   |- Guid:5CCB653144C1AE73C4D13B9E17B48EC8 NativeClass:/Script/Engine.StaticMeshActor Name:StaticMeshActor_UAID_D85ED32D0A723AB702_1912015976 Label:SM_Cube18 SpatiallyLoaded:true EditorBounds:IsValid=true, Min=(X=420.000 Y=1590.000 Z=1160.000), Max=(X=820.000 Y=1990.000 Z=1710.000) RuntimeBounds:IsValid=true, Min=(X=420.000 Y=1590.000 Z=1160.000), Max=(X=820.000 Y=1990.000 Z=1710.000) RuntimeGrid:None EditorOnly:false RuntimeOnly:false HLODRelevant:true ListedInSceneOutliner:true IsMainWorldOnly:false FolderPath:Block03 FolderGuid:7B7009C345D3D6DD94D3429E1D79C034
 |   |   |- [+] [ 12]
 |   |   |   |- Guid:5FE7AD7C498A5B5A57FAF297D5F78F45 NativeClass:/Script/Engine.StaticMeshActor Name:StaticMeshActor_UAID_D85ED32D0A723AB702_1927200977 Label:SM_Cube19 SpatiallyLoaded:true EditorBounds:IsValid=true, Min=(X=420.000 Y=790.000 Z=1160.000), Max=(X=820.000 Y=1190.000 Z=1710.000) RuntimeBounds:IsValid=true, Min=(X=420.000 Y=790.000 Z=1160.000), Max=(X=820.000 Y=1190.000 Z=1710.000) RuntimeGrid:None EditorOnly:false RuntimeOnly:false HLODRelevant:true ListedInSceneOutliner:true IsMainWorldOnly:false FolderPath:Block03 FolderGuid:7B7009C345D3D6DD94D3429E1D79C034
 |   |   |- [+] [ 13]
 |   |   |   |- Guid:60C7E0F2447F434D89FEAFBB1D31E67F NativeClass:/Script/Engine.StaticMeshActor Name:StaticMeshActor_UAID_D85ED32D0A7234B702_1291516896 Label:SM_simpleWall SpatiallyLoaded:true EditorBounds:IsValid=true, Min=(X=792.500 Y=-2770.000 Z=0.000), Max=(X=807.500 Y=5230.000 Z=4000.000) RuntimeBounds:IsValid=true, Min=(X=792.500 Y=-2770.000 Z=0.000), Max=(X=807.500 Y=5230.000 Z=4000.000) RuntimeGrid:None EditorOnly:false RuntimeOnly:false HLODRelevant:true ListedInSceneOutliner:true IsMainWorldOnly:false
 |   |   |- [+] [ 14]
 |   |   |   |- Guid:6BAF4DDD444C60371492D3919DB42C97 NativeClass:/Script/Engine.WorldDataLayers Name:WorldDataLayers Label:WorldDataLayers SpatiallyLoaded:false EditorBounds:IsValid=true, Min=(X=0.000 Y=0.000 Z=0.000), Max=(X=0.000 Y=0.000 Z=0.000) RuntimeBounds:IsValid=true, Min=(X=0.000 Y=0.000 Z=0.000), Max=(X=0.000 Y=0.000 Z=0.000) RuntimeGrid:None EditorOnly:false RuntimeOnly:false HLODRelevant:false ListedInSceneOutliner:true IsMainWorldOnly:true
 |   |   |- [+] [ 15]
 |   |   |   |- Guid:7133FFCC447A290E781DADA134C09643 NativeClass:/Script/Engine.StaticMeshActor Name:StaticMeshActor_UAID_D85ED32D0A7239B702_1685179790 Label:SM_Cube15 SpatiallyLoaded:true EditorBounds:IsValid=true, Min=(X=570.000 Y=3140.000 Z=230.000), Max=(X=670.000 Y=3240.000 Z=330.000) RuntimeBounds:IsValid=true, Min=(X=570.000 Y=3140.000 Z=230.000), Max=(X=670.000 Y=3240.000 Z=330.000) RuntimeGrid:None EditorOnly:false RuntimeOnly:false HLODRelevant:true ListedInSceneOutliner:true IsMainWorldOnly:false FolderPath:Block03 FolderGuid:7B7009C345D3D6DD94D3429E1D79C034
 |   |   |- [+] [ 16]
 |   |   |   |- Guid:79A8E70748A15564FE908E90AD99E2EB BaseClass:/Game/ThirdPerson/Blueprints/BP_SaveTriggerBox.BP_SaveTriggerBox_C NativeClass:/Script/Engine.TriggerBox Name:BP_SaveTriggerBox_C_UAID_D85ED32D0A723AB702_2020593978 Label:BP_SaveTriggerBox2 SpatiallyLoaded:true EditorBounds:IsValid=true, Min=(X=440.000 Y=262.000 Z=796.250), Max=(X=760.000 Y=518.000 Z=1363.750) RuntimeBounds:IsValid=true, Min=(X=440.000 Y=326.000 Z=796.250), Max=(X=760.000 Y=454.000 Z=1363.750) RuntimeGrid:None EditorOnly:false RuntimeOnly:false HLODRelevant:false ListedInSceneOutliner:true IsMainWorldOnly:false
 |   |   |- [+] [ 17]
 |   |   |   |- Guid:8A1835894479BA92B2B96D9BC276748B NativeClass:/Script/Engine.StaticMeshActor Name:StaticMeshActor_UAID_D85ED32D0A7236B702_1984608257 Label:SM_simpleWall3 SpatiallyLoaded:true EditorBounds:IsValid=true, Min=(X=-3249.250 Y=4372.500 Z=30.000), Max=(X=4869.250 Y=4387.500 Z=4030.000) RuntimeBounds:IsValid=true, Min=(X=-3249.250 Y=4372.500 Z=30.000), Max=(X=4869.250 Y=4387.500 Z=4030.000) RuntimeGrid:None EditorOnly:false RuntimeOnly:false HLODRelevant:true ListedInSceneOutliner:true IsMainWorldOnly:false
 |   |   |- [+] [ 18]
 |   |   |   |- Guid:930B8CB14170E69D61612EA9772142BF BaseClass:/Game/ThirdPerson/Blueprints/Platforms/BP_MovingPlatform.BP_MovingPlatform_C NativeClass:/Script/Engine.Actor Name:BP_MovingPlatform_C_UAID_D85ED32D0A723AB702_1561435970 Label:BP_MovingPlatform2 SpatiallyLoaded:true EditorBounds:IsValid=true, Min=(X=428.500 Y=3768.000 Z=810.000), Max=(X=1028.500 Y=4280.000 Z=1174.840) RuntimeBounds:IsValid=true, Min=(X=428.500 Y=3768.000 Z=810.000), Max=(X=1028.500 Y=3968.000 Z=1174.840) RuntimeGrid:None EditorOnly:false RuntimeOnly:false HLODRelevant:false ListedInSceneOutliner:true IsMainWorldOnly:false
 |   |   |- [+] [ 19]
 |   |   |   |- Guid:9CFF22584E3F49B2EAD357B7437B3BD9 NativeClass:/Script/Engine.StaticMeshActor Name:StaticMeshActor_UAID_D85ED32D0A7235B702_1804691073 Label:SM_simpleWall2 SpatiallyLoaded:true EditorBounds:IsValid=true, Min=(X=-3190.000 Y=142.500 Z=0.000), Max=(X=4810.000 Y=157.500 Z=4000.000) RuntimeBounds:IsValid=true, Min=(X=-3190.000 Y=142.500 Z=0.000), Max=(X=4810.000 Y=157.500 Z=4000.000) RuntimeGrid:None EditorOnly:false RuntimeOnly:false HLODRelevant:true ListedInSceneOutliner:true IsMainWorldOnly:false
 |   |   |- [+] [ 20]
 |   |   |   |- Guid:B785ED2844B84CFB91E7F39FE661CD99 NativeClass:/Script/Engine.DirectionalLight Name:DirectionalLight_0 Label:DirectionalLight SpatiallyLoaded:false EditorBounds:IsValid=false, Min=(X=0.000 Y=0.000 Z=0.000), Max=(X=0.000 Y=0.000 Z=0.000) RuntimeBounds:IsValid=false, Min=(X=0.000 Y=0.000 Z=0.000), Max=(X=0.000 Y=0.000 Z=0.000) RuntimeGrid:None EditorOnly:false RuntimeOnly:false HLODRelevant:false ListedInSceneOutliner:true IsMainWorldOnly:false FolderPath:Lighting FolderGuid:963EC3EB4002CCE9759E2EBA541A873A
 |   |   |- [+] [ 21]
 |   |   |   |- Guid:BBA1C969487DF26E108B67BEE796EB83 NativeClass:/Script/Engine.StaticMeshActor Name:StaticMeshActor_UAID_D85ED32D0A7236B702_1760432252 Label:Plane2 SpatiallyLoaded:true EditorBounds:IsValid=true, Min=(X=-1000.000 Y=2140.000 Z=-50.000), Max=(X=3000.000 Y=6140.000 Z=0.000) RuntimeBounds:IsValid=true, Min=(X=-1000.000 Y=2140.000 Z=-50.000), Max=(X=3000.000 Y=6140.000 Z=0.000) RuntimeGrid:None EditorOnly:false RuntimeOnly:false HLODRelevant:true ListedInSceneOutliner:true IsMainWorldOnly:false FolderPath:Playground FolderGuid:C73F09FC4215536B1DCE2A9E0A830C70
 |   |   |- [+] [ 22]
 |   |   |   |- Guid:C3857B544B15A10654581FBD1BDC8445 BaseClass:/Game/ThirdPerson/Blueprints/Platforms/BP_MovingPlatform.BP_MovingPlatform_C NativeClass:/Script/Engine.Actor Name:BP_MovingPlatform_C_UAID_D85ED32D0A723AB702_1626261971 Label:BP_MovingPlatform3 SpatiallyLoaded:true EditorBounds:IsValid=true, Min=(X=438.500 Y=3180.000 Z=819.455), Max=(X=1038.500 Y=3632.000 Z=1230.000) RuntimeBounds:IsValid=true, Min=(X=438.500 Y=3432.000 Z=819.455), Max=(X=1038.500 Y=3632.000 Z=1230.000) RuntimeGrid:None EditorOnly:false RuntimeOnly:false HLODRelevant:false ListedInSceneOutliner:true IsMainWorldOnly:false
 |   |   |- [+] [ 23]
 |   |   |   |- Guid:CCFF262C46EEFFDF319E7F9539CE697E NativeClass:/Script/Engine.SkyAtmosphere Name:SkyAtmosphere_0 Label:SkyAtmosphere SpatiallyLoaded:false EditorBounds:IsValid=true, Min=(X=0.000 Y=0.000 Z=1020.000), Max=(X=0.000 Y=0.000 Z=1020.000) RuntimeBounds:IsValid=true, Min=(X=0.000 Y=0.000 Z=1020.000), Max=(X=0.000 Y=0.000 Z=1020.000) RuntimeGrid:None EditorOnly:false RuntimeOnly:false HLODRelevant:false ListedInSceneOutliner:true IsMainWorldOnly:false FolderPath:Lighting FolderGuid:963EC3EB4002CCE9759E2EBA541A873A
 |   |   |- [+] [ 24]
 |   |   |   |- Guid:D9DACED2415E3315501FD190081A22A1 NativeClass:/Script/Engine.StaticMeshActor Name:StaticMeshActor_UAID_D85ED32D0A723AB702_1802816974 Label:Plane4 SpatiallyLoaded:true EditorBounds:IsValid=true, Min=(X=-990.000 Y=790.000 Z=1700.000), Max=(X=3010.000 Y=4790.000 Z=1750.000) RuntimeBounds:IsValid=true, Min=(X=-990.000 Y=790.000 Z=1700.000), Max=(X=3010.000 Y=4790.000 Z=1750.000) RuntimeGrid:None EditorOnly:false RuntimeOnly:false HLODRelevant:true ListedInSceneOutliner:true IsMainWorldOnly:false FolderPath:Playground FolderGuid:C73F09FC4215536B1DCE2A9E0A830C70
 |   |   |- [+] [ 25]
 |   |   |   |- Guid:D9F58A8B4146021CF168A68E283ADDA2 BaseClass:/Game/ThirdPerson/Blueprints/BP_SaveTriggerBox.BP_SaveTriggerBox_C NativeClass:/Script/Engine.TriggerBox Name:BP_SaveTriggerBox_C_UAID_D85ED32D0A722DB702_1425762663 Label:BP_SaveTriggerBox SpatiallyLoaded:true EditorBounds:IsValid=true, Min=(X=440.000 Y=4002.000 Z=136.250), Max=(X=760.000 Y=4258.000 Z=703.750) RuntimeBounds:IsValid=true, Min=(X=440.000 Y=4066.000 Z=136.250), Max=(X=760.000 Y=4194.000 Z=703.750) RuntimeGrid:None EditorOnly:false RuntimeOnly:false HLODRelevant:false ListedInSceneOutliner:true IsMainWorldOnly:false
 |   |   |- [+] [ 26]
 |   |   |   |- Guid:E4982D1746E5AC65B531F3834C1FFB0D NativeClass:/Script/Engine.StaticMeshActor Name:StaticMeshActor_UAID_D85ED32D0A7236B702_1930706256 Label:SM_Cube14 SpatiallyLoaded:true EditorBounds:IsValid=true, Min=(X=420.000 Y=3990.000 Z=200.000), Max=(X=820.000 Y=4390.000 Z=400.000) RuntimeBounds:IsValid=true, Min=(X=420.000 Y=3990.000 Z=200.000), Max=(X=820.000 Y=4390.000 Z=400.000) RuntimeGrid:None EditorOnly:false RuntimeOnly:false HLODRelevant:true ListedInSceneOutliner:true IsMainWorldOnly:false FolderPath:Block03 FolderGuid:7B7009C345D3D6DD94D3429E1D79C034
 |   |   |- [+] [ 27]
 |   |   |   |- Guid:EC4E0C944CE6AC6E784BC6BB2916EA13 NativeClass:/Script/Engine.StaticMeshActor Name:StaticMeshActor_UAID_A4AE111137DC5EFB00_1110535423 Label:SM_SkySphere SpatiallyLoaded:false EditorBounds:IsValid=true, Min=(X=-1638400.000 Y=-1638400.000 Z=-1638400.000), Max=(X=1638400.000 Y=1638400.000 Z=1638400.000) RuntimeBounds:IsValid=true, Min=(X=-1638400.000 Y=-1638400.000 Z=-1638400.000), Max=(X=1638400.000 Y=1638400.000 Z=1638400.000) RuntimeGrid:None EditorOnly:false RuntimeOnly:false HLODRelevant:true ListedInSceneOutliner:true IsMainWorldOnly:false FolderPath:Lighting FolderGuid:963EC3EB4002CCE9759E2EBA541A873A
 |   |   |- [+] [ 28]
 |   |   |   |- Guid:F1924B8D48954B30891B2DB6A694F9CC NativeClass:/Script/Engine.StaticMeshActor Name:StaticMeshActor_1 Label:Plane SpatiallyLoaded:true EditorBounds:IsValid=true, Min=(X=-1000.000 Y=-1860.000 Z=-50.000), Max=(X=3000.000 Y=2140.000 Z=0.000) RuntimeBounds:IsValid=true, Min=(X=-1000.000 Y=-1860.000 Z=-50.000), Max=(X=3000.000 Y=2140.000 Z=0.000) RuntimeGrid:None EditorOnly:false RuntimeOnly:false HLODRelevant:true ListedInSceneOutliner:true IsMainWorldOnly:false FolderPath:Playground FolderGuid:C73F09FC4215536B1DCE2A9E0A830C70
 |   |   |- [+] [ 29]
 |   |   |   |- Guid:F5E3FEB3450C49844FD93DA8E083C8AD NativeClass:/Script/Engine.PostProcessVolume Name:PostProcessVolume_0 Label:PostProcessVolume SpatiallyLoaded:false EditorBounds:IsValid=true, Min=(X=0.000 Y=0.000 Z=400.000), Max=(X=200.000 Y=200.000 Z=600.000) RuntimeBounds:IsValid=true, Min=(X=0.000 Y=0.000 Z=400.000), Max=(X=200.000 Y=200.000 Z=600.000) RuntimeGrid:None EditorOnly:false RuntimeOnly:false HLODRelevant:false ListedInSceneOutliner:true IsMainWorldOnly:false FolderPath:Lighting FolderGuid:963EC3EB4002CCE9759E2EBA541A873A
 |- ContainerInstances:
 |- [+] MainContainer:
 |   |-        ID: 00000000000000000000000000000000
 |   |-  ParentID: 00000000000000000000000000000000
 |   |-    Bounds: IsValid=false, Min=(X=0.000 Y=0.000 Z=0.000), Max=(X=0.000 Y=0.000 Z=0.000)
 |   |- Transform: 0.000000,0.000000,0.000000|0.000000,0.000000,-0.000000|1.000000,1.000000,1.000000
 |   |- Container: /Game/ThirdPerson/Maps/ThirdPersonMap
----------------------------------------------------------------------------------------------------------------
ThirdPersonMap - Persistent Level
----------------------------------------------------------------------------------------------------------------
[+] Content of ThirdPersonMap Persistent Level
 |- Always loaded Actor Count: 30 
 |- Actor Path: /Game/ThirdPerson/Maps/ThirdPersonMap.ThirdPersonMap:PersistentLevel.BP_Lava_C_UAID_D85ED32D0A7237B702_1217853435
 |- Actor Package: /Game/__ExternalActors__/ThirdPerson/Maps/ThirdPersonMap/E/LB/8EW3QACU2ZTV8UWRH752IT
 |- Actor Path: /Game/ThirdPerson/Maps/ThirdPersonMap.ThirdPersonMap:PersistentLevel.BP_MovingPlatform_C_UAID_D85ED32D0A7239B702_2123030793
 |- Actor Package: /Game/__ExternalActors__/ThirdPerson/Maps/ThirdPersonMap/D/UW/G5VE0JJ2UMFDOCI65TP126
 |- Actor Path: /Game/ThirdPerson/Maps/ThirdPersonMap.ThirdPersonMap:PersistentLevel.BP_MovingPlatform_C_UAID_D85ED32D0A723AB702_1561435970
 |- Actor Package: /Game/__ExternalActors__/ThirdPerson/Maps/ThirdPersonMap/7/YE/O5KV2LEIZ8VB065CEOUWMP
 |- Actor Path: /Game/ThirdPerson/Maps/ThirdPersonMap.ThirdPersonMap:PersistentLevel.BP_MovingPlatform_C_UAID_D85ED32D0A723AB702_1626261971
 |- Actor Package: /Game/__ExternalActors__/ThirdPerson/Maps/ThirdPersonMap/5/H5/7PB3G4RENCN4XHZ6W4VLB8
 |- Actor Path: /Game/ThirdPerson/Maps/ThirdPersonMap.ThirdPersonMap:PersistentLevel.BP_SaveTriggerBox_C_UAID_D85ED32D0A722DB702_1425762663
 |- Actor Package: /Game/__ExternalActors__/ThirdPerson/Maps/ThirdPersonMap/B/A2/4TNCT31AUDY4M1EGBPWZNK
 |- Actor Path: /Game/ThirdPerson/Maps/ThirdPersonMap.ThirdPersonMap:PersistentLevel.BP_SaveTriggerBox_C_UAID_D85ED32D0A723AB702_2020593978
 |- Actor Package: /Game/__ExternalActors__/ThirdPerson/Maps/ThirdPersonMap/7/BJ/UFF63FS231G7H8IGUNJ3KL
 |- Actor Path: /Game/ThirdPerson/Maps/ThirdPersonMap.ThirdPersonMap:PersistentLevel.DirectionalLight_0
 |- Actor Package: /Game/__ExternalActors__/ThirdPerson/Maps/ThirdPersonMap/5/R1/TS5OQ5CRUWFZYL1ZQ7I416
 |- Actor Path: /Game/ThirdPerson/Maps/ThirdPersonMap.ThirdPersonMap:PersistentLevel.ExponentialHeightFog_0
 |- Actor Package: /Game/__ExternalActors__/ThirdPerson/Maps/ThirdPersonMap/6/J7/N10XDC9G27EMLS5AGZ6AVV
 |- Actor Path: /Game/ThirdPerson/Maps/ThirdPersonMap.ThirdPersonMap:PersistentLevel.PlayerStart_0
 |- Actor Package: /Game/__ExternalActors__/ThirdPerson/Maps/ThirdPersonMap/D/DE/SWSI13675DVYIZ0N4NF7Y3
 |- Actor Path: /Game/ThirdPerson/Maps/ThirdPersonMap.ThirdPersonMap:PersistentLevel.PostProcessVolume_0
 |- Actor Package: /Game/__ExternalActors__/ThirdPerson/Maps/ThirdPersonMap/1/AZ/A7GPT109Y6ZTTJD4A7TXER
 |- Actor Path: /Game/ThirdPerson/Maps/ThirdPersonMap.ThirdPersonMap:PersistentLevel.SkyAtmosphere_0
 |- Actor Package: /Game/__ExternalActors__/ThirdPerson/Maps/ThirdPersonMap/4/LN/30UBDLYFFA5ZR7U4W4L4GG
 |- Actor Path: /Game/ThirdPerson/Maps/ThirdPersonMap.ThirdPersonMap:PersistentLevel.SkyLight_1
 |- Actor Package: /Game/__ExternalActors__/ThirdPerson/Maps/ThirdPersonMap/8/S1/DXUWD12MD3HRWVVXX076BY
 |- Actor Path: /Game/ThirdPerson/Maps/ThirdPersonMap.ThirdPersonMap:PersistentLevel.StaticMeshActor_1
 |- Actor Package: /Game/__ExternalActors__/ThirdPerson/Maps/ThirdPersonMap/6/YO/NG2R9BPZVA7ZDN0Z4VSTG6
 |- Actor Path: /Game/ThirdPerson/Maps/ThirdPersonMap.ThirdPersonMap:PersistentLevel.StaticMeshActor_16
 |- Actor Package: /Game/__ExternalActors__/ThirdPerson/Maps/ThirdPersonMap/B/4D/BBOCKSZY1GVHTFRX0PR0O8
 |- Actor Path: /Game/ThirdPerson/Maps/ThirdPersonMap.ThirdPersonMap:PersistentLevel.StaticMeshActor_UAID_A4AE111137DC5EFB00_1110535423
 |- Actor Package: /Game/__ExternalActors__/ThirdPerson/Maps/ThirdPersonMap/4/PN/2QISIGK5DJNQ05US8O8FXW
 |- Actor Path: /Game/ThirdPerson/Maps/ThirdPersonMap.ThirdPersonMap:PersistentLevel.StaticMeshActor_UAID_D85ED32D0A7234B702_1291516896
 |- Actor Package: /Game/__ExternalActors__/ThirdPerson/Maps/ThirdPersonMap/E/KU/DXAVVY7TKFSJT4VL08P6ZN
 |- Actor Path: /Game/ThirdPerson/Maps/ThirdPersonMap.ThirdPersonMap:PersistentLevel.StaticMeshActor_UAID_D85ED32D0A7235B702_1804691073
 |- Actor Package: /Game/__ExternalActors__/ThirdPerson/Maps/ThirdPersonMap/4/7K/B10C68YMD3HJV89TAZD6CO
 |- Actor Path: /Game/ThirdPerson/Maps/ThirdPersonMap.ThirdPersonMap:PersistentLevel.StaticMeshActor_UAID_D85ED32D0A7236B702_1760432252
 |- Actor Package: /Game/__ExternalActors__/ThirdPerson/Maps/ThirdPersonMap/8/8D/SSXH4PXFXXBTJ6NEQ9AX5F
 |- Actor Path: /Game/ThirdPerson/Maps/ThirdPersonMap.ThirdPersonMap:PersistentLevel.StaticMeshActor_UAID_D85ED32D0A7236B702_1921866255
 |- Actor Package: /Game/__ExternalActors__/ThirdPerson/Maps/ThirdPersonMap/D/EL/PKJV7QIATVVKYUTWHGXI13
 |- Actor Path: /Game/ThirdPerson/Maps/ThirdPersonMap.ThirdPersonMap:PersistentLevel.StaticMeshActor_UAID_D85ED32D0A7236B702_1930706256
 |- Actor Package: /Game/__ExternalActors__/ThirdPerson/Maps/ThirdPersonMap/A/VQ/ZBYHTS2G628TP6GBTXPG3U
 |- Actor Path: /Game/ThirdPerson/Maps/ThirdPersonMap.ThirdPersonMap:PersistentLevel.StaticMeshActor_UAID_D85ED32D0A7236B702_1984608257
 |- Actor Package: /Game/__ExternalActors__/ThirdPerson/Maps/ThirdPersonMap/B/0G/I7TC30DC9VW6XZIQ0AQXT1
 |- Actor Path: /Game/ThirdPerson/Maps/ThirdPersonMap.ThirdPersonMap:PersistentLevel.StaticMeshActor_UAID_D85ED32D0A7239B702_1685179790
 |- Actor Package: /Game/__ExternalActors__/ThirdPerson/Maps/ThirdPersonMap/A/EY/5HH0PW4J8QS5J9N1CRIEM6
 |- Actor Path: /Game/ThirdPerson/Maps/ThirdPersonMap.ThirdPersonMap:PersistentLevel.StaticMeshActor_UAID_D85ED32D0A7239B702_1711116791
 |- Actor Package: /Game/__ExternalActors__/ThirdPerson/Maps/ThirdPersonMap/7/NO/XDLYNHRFHW6QCW5OTMEV8Y
 |- Actor Path: /Game/ThirdPerson/Maps/ThirdPersonMap.ThirdPersonMap:PersistentLevel.StaticMeshActor_UAID_D85ED32D0A723AB702_1685586972
 |- Actor Package: /Game/__ExternalActors__/ThirdPerson/Maps/ThirdPersonMap/2/RE/4XC4AWCV2U5733PPUP5CZ5
 |- Actor Path: /Game/ThirdPerson/Maps/ThirdPersonMap.ThirdPersonMap:PersistentLevel.StaticMeshActor_UAID_D85ED32D0A723AB702_1802816974
 |- Actor Package: /Game/__ExternalActors__/ThirdPerson/Maps/ThirdPersonMap/6/C8/SMEDY1A4LDV67ZVI6EVAOM
 |- Actor Path: /Game/ThirdPerson/Maps/ThirdPersonMap.ThirdPersonMap:PersistentLevel.StaticMeshActor_UAID_D85ED32D0A723AB702_1811774975
 |- Actor Package: /Game/__ExternalActors__/ThirdPerson/Maps/ThirdPersonMap/4/AW/G9M0V3AL076Y2B9STN1RG8
 |- Actor Path: /Game/ThirdPerson/Maps/ThirdPersonMap.ThirdPersonMap:PersistentLevel.StaticMeshActor_UAID_D85ED32D0A723AB702_1912015976
 |- Actor Package: /Game/__ExternalActors__/ThirdPerson/Maps/ThirdPersonMap/4/BP/1F4L5R75VMDHQT71VCZQ1L
 |- Actor Path: /Game/ThirdPerson/Maps/ThirdPersonMap.ThirdPersonMap:PersistentLevel.StaticMeshActor_UAID_D85ED32D0A723AB702_1927200977
 |- Actor Package: /Game/__ExternalActors__/ThirdPerson/Maps/ThirdPersonMap/D/WM/10PTLFVZ03BR92UQCY4767
 |- Actor Path: /Game/ThirdPerson/Maps/ThirdPersonMap.ThirdPersonMap:PersistentLevel.VolumetricCloud_0
 |- Actor Package: /Game/__ExternalActors__/ThirdPerson/Maps/ThirdPersonMap/3/EY/87SHEJN5UBEAN2K5OV1G6R
 |- Actor Path: /Game/ThirdPerson/Maps/ThirdPersonMap.ThirdPersonMap:PersistentLevel.WorldDataLayers
 |- Actor Package: /Game/__ExternalActors__/ThirdPerson/Maps/ThirdPersonMap/0/43/HYQWORMY4JDQ5X3OKZXFLC

----------------------------------------------------------------------------------------------------------------
ThirdPersonMap - Runtime Hash Set
----------------------------------------------------------------------------------------------------------------

